<?xml version="1.0" encoding="UTF-8"?>
<!-- Generated by org.testng.reporters.JUnitReportReporter -->
<testsuite hostname="ArunMotoori" failures="0" tests="4" name="tests.Register" time="90.259" errors="0" timestamp="2024-07-06T19:15:03 IST" skipped="0">
  <testcase classname="tests.Register" name="verifyRegisterFunctionality" time="30.862"/>
  <testcase classname="tests.Register" name="verifyRegisterFunctionality" time="16.841"/>
  <testcase classname="tests.Register" name="verifyRegisterFunctionality" time="24.317"/>
  <testcase classname="tests.Register" name="verifyRegisterFunctionality" time="18.239"/>
</testsuite> <!-- tests.Register -->
