<?xml version="1.0" encoding="UTF-8"?>
<!-- Generated by org.testng.reporters.JUnitReportReporter -->
<testsuite hostname="ArunMotoori" failures="0" tests="3" name="tests.Login" time="50.289" errors="0" timestamp="2024-07-06T19:15:03 IST" skipped="0">
  <testcase classname="tests.Login" name="verifyLoginFunctionality" time="13.129"/>
  <testcase classname="tests.Login" name="verifyLoginFunctionality" time="13.022"/>
  <testcase classname="tests.Login" name="verifyLoginFunctionality" time="24.138"/>
</testsuite> <!-- tests.Login -->
