<?xml version="1.0" encoding="UTF-8"?>
<!-- Generated by org.testng.reporters.JUnitReportReporter -->
<testsuite hostname="ArunMotoori" failures="0" tests="4" name="tests.Register" time="69.892" errors="0" timestamp="2024-07-14T20:38:49 IST" skipped="1">
  <testcase classname="tests.Register" name="verifyRegisterFunctionality" time="24.832"/>
  <testcase classname="tests.Register" name="verifyRegisterFunctionality" time="14.517"/>
  <testcase classname="tests.Register" name="verifyRegisterFunctionality" time="27.065"/>
  <testcase classname="tests.Register" name="verifyRegisterFunctionality" time="3.478">
    <skipped/>
  </testcase> <!-- verifyRegisterFunctionality -->
</testsuite> <!-- tests.Register -->
