<?xml version="1.0" encoding="UTF-8"?>
<!-- Generated by org.testng.reporters.JUnitReportReporter -->
<testsuite hostname="ArunMotoori" failures="0" tests="4" name="tests.Register" time="66.166" errors="0" timestamp="2024-07-07T19:54:28 IST" skipped="1">
  <testcase classname="tests.Register" name="verifyRegisterFunctionality" time="28.335"/>
  <testcase classname="tests.Register" name="verifyRegisterFunctionality" time="20.763"/>
  <testcase classname="tests.Register" name="verifyRegisterFunctionality" time="17.059"/>
  <testcase classname="tests.Register" name="verifyRegisterFunctionality" time="0.009">
    <skipped/>
  </testcase> <!-- verifyRegisterFunctionality -->
</testsuite> <!-- tests.Register -->
