<?xml version="1.0" encoding="UTF-8"?>
<!-- Generated by org.testng.reporters.JUnitReportReporter -->
<testsuite hostname="ArunMotoori" failures="0" tests="3" name="tests.Search" time="42.664" errors="0" timestamp="2024-07-13T19:18:44 IST" skipped="0">
  <testcase classname="tests.Search" name="verifySearchFunctionality" time="19.883"/>
  <testcase classname="tests.Search" name="verifySearchFunctionality" time="11.516"/>
  <testcase classname="tests.Search" name="verifySearchFunctionality" time="11.265"/>
</testsuite> <!-- tests.Search -->
