<?xml version="1.0" encoding="UTF-8"?>
<!-- Generated by org.testng.reporters.JUnitReportReporter -->
<testsuite hostname="ArunMotoori" failures="0" tests="3" name="tests.Search" time="38.975" errors="0" timestamp="2024-07-07T19:54:28 IST" skipped="0">
  <testcase classname="tests.Search" name="verifySearchFunctionality" time="10.663"/>
  <testcase classname="tests.Search" name="verifySearchFunctionality" time="9.822"/>
  <testcase classname="tests.Search" name="verifySearchFunctionality" time="18.490"/>
</testsuite> <!-- tests.Search -->
