<?xml version="1.0" encoding="UTF-8"?>
<!-- Generated by org.testng.reporters.JUnitReportReporter -->
<testsuite hostname="ArunMotoori" failures="0" tests="1" name="tests.Register" time="20.511" errors="0" timestamp="2024-06-29T19:23:00 IST" skipped="0">
  <testcase classname="tests.Register" name="verifyRegisterByProvingAllFields" time="20.511"/>
</testsuite> <!-- tests.Register -->
