<?xml version="1.0" encoding="UTF-8"?>
<!-- Generated by org.testng.reporters.JUnitReportReporter -->
<testsuite hostname="ArunMotoori" failures="0" tests="3" name="tests.Search" time="44.179" errors="0" timestamp="2024-07-06T19:15:03 IST" skipped="0">
  <testcase classname="tests.Search" name="verifySearchFunctionality" time="20.409"/>
  <testcase classname="tests.Search" name="verifySearchFunctionality" time="11.641"/>
  <testcase classname="tests.Search" name="verifySearchFunctionality" time="12.129"/>
</testsuite> <!-- tests.Search -->
