<?xml version="1.0" encoding="UTF-8"?>
<!-- Generated by org.testng.reporters.JUnitReportReporter -->
<testsuite hostname="ArunMotoori" failures="0" tests="4" name="tests.Register" time="75.844" errors="0" timestamp="2024-07-13T19:18:44 IST" skipped="1">
  <testcase classname="tests.Register" name="verifyRegisterFunctionality" time="20.043"/>
  <testcase classname="tests.Register" name="verifyRegisterFunctionality" time="1.861">
    <skipped/>
  </testcase> <!-- verifyRegisterFunctionality -->
  <testcase classname="tests.Register" name="verifyRegisterFunctionality" time="23.896"/>
  <testcase classname="tests.Register" name="verifyRegisterFunctionality" time="30.044"/>
</testsuite> <!-- tests.Register -->
