<?xml version="1.0" encoding="UTF-8"?>
<!-- Generated by org.testng.reporters.JUnitReportReporter -->
<testsuite hostname="ArunMotoori" failures="0" tests="3" name="tests.Login" time="28.038" errors="0" timestamp="2024-06-29T21:00:55 IST" skipped="1">
  <testcase classname="tests.Login" name="verifyLoginFunctionality" time="16.104"/>
  <testcase classname="tests.Login" name="verifyLoginFunctionality" time="0.008">
    <skipped/>
  </testcase> <!-- verifyLoginFunctionality -->
  <testcase classname="tests.Login" name="verifyLoginFunctionality" time="11.926"/>
</testsuite> <!-- tests.Login -->
