<?xml version="1.0" encoding="UTF-8"?>
<!-- Generated by org.testng.reporters.JUnitReportReporter -->
<testsuite hostname="ArunMotoori" failures="0" tests="3" name="tests.Search" time="41.216" errors="0" timestamp="2024-07-14T20:38:49 IST" skipped="0">
  <testcase classname="tests.Search" name="verifySearchFunctionality" time="11.735"/>
  <testcase classname="tests.Search" name="verifySearchFunctionality" time="10.836"/>
  <testcase classname="tests.Search" name="verifySearchFunctionality" time="18.645"/>
</testsuite> <!-- tests.Search -->
