<?xml version="1.0" encoding="UTF-8"?>
<!-- Generated by org.testng.reporters.JUnitReportReporter -->
<testsuite hostname="ArunMotoori" failures="0" tests="3" name="tests.Login" time="55.437" errors="0" timestamp="2024-06-30T17:56:21 IST" skipped="0">
  <testcase classname="tests.Login" name="verifyLoginFunctionality" time="14.354"/>
  <testcase classname="tests.Login" name="verifyLoginFunctionality" time="16.236"/>
  <testcase classname="tests.Login" name="verifyLoginFunctionality" time="24.847"/>
</testsuite> <!-- tests.Login -->
