<?xml version="1.0" encoding="UTF-8"?>
<!-- Generated by org.testng.reporters.JUnitReportReporter -->
<testsuite hostname="ArunMotoori" failures="0" tests="4" name="tests.Register" time="0.108" errors="0" timestamp="2024-06-30T18:34:30 IST" skipped="4">
  <testcase classname="tests.Register" name="verifyRegisterFunctionality" time="0.076">
    <skipped/>
  </testcase> <!-- verifyRegisterFunctionality -->
  <testcase classname="tests.Register" name="verifyRegisterFunctionality" time="0.012">
    <skipped/>
  </testcase> <!-- verifyRegisterFunctionality -->
  <testcase classname="tests.Register" name="verifyRegisterFunctionality" time="0.014">
    <skipped/>
  </testcase> <!-- verifyRegisterFunctionality -->
  <testcase classname="tests.Register" name="verifyRegisterFunctionality" time="0.006">
    <skipped/>
  </testcase> <!-- verifyRegisterFunctionality -->
</testsuite> <!-- tests.Register -->
