<?xml version="1.0" encoding="UTF-8"?>
<!-- Generated by org.testng.reporters.JUnitReportReporter -->
<testsuite hostname="ArunMotoori" failures="0" tests="3" name="tests.Search" time="48.097" errors="0" timestamp="2024-06-30T19:04:41 IST" skipped="0">
  <testcase classname="tests.Search" name="verifySearchFunctionality" time="9.407"/>
  <testcase classname="tests.Search" name="verifySearchFunctionality" time="25.653"/>
  <testcase classname="tests.Search" name="verifySearchFunctionality" time="13.037"/>
</testsuite> <!-- tests.Search -->
