<?xml version="1.0" encoding="UTF-8"?>
<!-- Generated by org.testng.reporters.JUnitReportReporter -->
<testsuite hostname="ArunMotoori" failures="0" tests="1" name="tests.Search" time="12.653" errors="0" timestamp="2024-06-29T19:32:07 IST" skipped="0">
  <testcase classname="tests.Search" name="verifySearchFunctionality" time="12.653"/>
</testsuite> <!-- tests.Search -->
